2005.12.20 05:50 B e:\Temp\Illiad_Transfer\Illiad\cal\images\About.gif --> wsu.hosts.atlas-sys.com /New ILLiad/Web_Pages/Illiad/cal/images About.gif
2005.12.20 05:50 B e:\Temp\Illiad_Transfer\Illiad\cal\images\Arrow234.gif --> wsu.hosts.atlas-sys.com /New ILLiad/Web_Pages/Illiad/cal/images Arrow234.gif
2005.12.20 05:50 B e:\Temp\Illiad_Transfer\Illiad\cal\images\Arrow249.gif --> wsu.hosts.atlas-sys.com /New ILLiad/Web_Pages/Illiad/cal/images Arrow249.gif
2005.12.20 05:50 B e:\Temp\Illiad_Transfer\Illiad\cal\images\Barchart24D.gif --> wsu.hosts.atlas-sys.com /New ILLiad/Web_Pages/Illiad/cal/images Barchart24D.gif
2005.12.20 05:50 B e:\Temp\Illiad_Transfer\Illiad\cal\images\BeText.gif --> wsu.hosts.atlas-sys.com /New ILLiad/Web_Pages/Illiad/cal/images BeText.gif
2005.12.20 05:50 B e:\Temp\Illiad_Transfer\Illiad\cal\images\Blop24F.gif --> wsu.hosts.atlas-sys.com /New ILLiad/Web_Pages/Illiad/cal/images Blop24F.gif
2005.12.20 05:50 B e:\Temp\Illiad_Transfer\Illiad\cal\images\BOOKS.GIF --> wsu.hosts.atlas-sys.com /New ILLiad/Web_Pages/Illiad/cal/images BOOKS.GIF
2005.12.20 05:50 B e:\Temp\Illiad_Transfer\Illiad\cal\images\bookshelf.gif --> wsu.hosts.atlas-sys.com /New ILLiad/Web_Pages/Illiad/cal/images bookshelf.gif
2005.12.20 05:50 B e:\Temp\Illiad_Transfer\Illiad\cal\images\Cancel.gif --> wsu.hosts.atlas-sys.com /New ILLiad/Web_Pages/Illiad/cal/images Cancel.gif
2005.12.20 05:50 B e:\Temp\Illiad_Transfer\Illiad\cal\images\Cancel2.gif --> wsu.hosts.atlas-sys.com /New ILLiad/Web_Pages/Illiad/cal/images Cancel2.gif
2005.12.20 05:50 B e:\Temp\Illiad_Transfer\Illiad\cal\images\CardStack.gif --> wsu.hosts.atlas-sys.com /New ILLiad/Web_Pages/Illiad/cal/images CardStack.gif
2005.12.20 05:50 B e:\Temp\Illiad_Transfer\Illiad\cal\images\Check253.gif --> wsu.hosts.atlas-sys.com /New ILLiad/Web_Pages/Illiad/cal/images Check253.gif
2005.12.20 05:50 B e:\Temp\Illiad_Transfer\Illiad\cal\images\Checked.gif --> wsu.hosts.atlas-sys.com /New ILLiad/Web_Pages/Illiad/cal/images Checked.gif
2005.12.20 05:50 B e:\Temp\Illiad_Transfer\Illiad\cal\images\Checked2.gif --> wsu.hosts.atlas-sys.com /New ILLiad/Web_Pages/Illiad/cal/images Checked2.gif
2005.12.20 05:50 B e:\Temp\Illiad_Transfer\Illiad\cal\images\Clear.gif --> wsu.hosts.atlas-sys.com /New ILLiad/Web_Pages/Illiad/cal/images Clear.gif
2005.12.20 05:50 B e:\Temp\Illiad_Transfer\Illiad\cal\images\DETAILED.GIF --> wsu.hosts.atlas-sys.com /New ILLiad/Web_Pages/Illiad/cal/images DETAILED.GIF
2005.12.20 05:51 B e:\Temp\Illiad_Transfer\Illiad\cal\images\Edit.gif --> wsu.hosts.atlas-sys.com /New ILLiad/Web_Pages/Illiad/cal/images Edit.gif
2005.12.20 05:51 B e:\Temp\Illiad_Transfer\Illiad\cal\images\Etched_Double_Line488.gif --> wsu.hosts.atlas-sys.com /New ILLiad/Web_Pages/Illiad/cal/images Etched_Double_Line488.gif
2005.12.20 05:51 B e:\Temp\Illiad_Transfer\Illiad\cal\images\Exclaim23B.gif --> wsu.hosts.atlas-sys.com /New ILLiad/Web_Pages/Illiad/cal/images Exclaim23B.gif
2005.12.20 05:51 B e:\Temp\Illiad_Transfer\Illiad\cal\images\File25B.gif --> wsu.hosts.atlas-sys.com /New ILLiad/Web_Pages/Illiad/cal/images File25B.gif
2005.12.20 05:51 B e:\Temp\Illiad_Transfer\Illiad\cal\images\FINDER.GIF --> wsu.hosts.atlas-sys.com /New ILLiad/Web_Pages/Illiad/cal/images FINDER.GIF
2005.12.20 05:51 B e:\Temp\Illiad_Transfer\Illiad\cal\images\History.jpg --> wsu.hosts.atlas-sys.com /New ILLiad/Web_Pages/Illiad/cal/images History.jpg
2005.12.20 05:51 B e:\Temp\Illiad_Transfer\Illiad\cal\images\House25D.gif --> wsu.hosts.atlas-sys.com /New ILLiad/Web_Pages/Illiad/cal/images House25D.gif
2005.12.20 05:51 B e:\Temp\Illiad_Transfer\Illiad\cal\images\ILLBOOK.GIF --> wsu.hosts.atlas-sys.com /New ILLiad/Web_Pages/Illiad/cal/images ILLBOOK.GIF
2005.12.20 05:51 B e:\Temp\Illiad_Transfer\Illiad\cal\images\ILLPHOTO.GIF --> wsu.hosts.atlas-sys.com /New ILLiad/Web_Pages/Illiad/cal/images ILLPHOTO.GIF
2005.12.20 05:51 B e:\Temp\Illiad_Transfer\Illiad\cal\images\INFO.GIF --> wsu.hosts.atlas-sys.com /New ILLiad/Web_Pages/Illiad/cal/images INFO.GIF
2005.12.20 05:51 B e:\Temp\Illiad_Transfer\Illiad\cal\images\LIST.GIF --> wsu.hosts.atlas-sys.com /New ILLiad/Web_Pages/Illiad/cal/images LIST.GIF
2005.12.20 05:51 B e:\Temp\Illiad_Transfer\Illiad\cal\images\List2.gif --> wsu.hosts.atlas-sys.com /New ILLiad/Web_Pages/Illiad/cal/images List2.gif
2005.12.20 05:51 B e:\Temp\Illiad_Transfer\Illiad\cal\images\LOGON.GIF --> wsu.hosts.atlas-sys.com /New ILLiad/Web_Pages/Illiad/cal/images LOGON.GIF
2005.12.20 05:51 B e:\Temp\Illiad_Transfer\Illiad\cal\images\Mail25F.gif --> wsu.hosts.atlas-sys.com /New ILLiad/Web_Pages/Illiad/cal/images Mail25F.gif
2005.12.20 05:51 B e:\Temp\Illiad_Transfer\Illiad\cal\images\MainMenu.gif --> wsu.hosts.atlas-sys.com /New ILLiad/Web_Pages/Illiad/cal/images MainMenu.gif
2005.12.20 05:51 B e:\Temp\Illiad_Transfer\Illiad\cal\images\MANDEL.GIF --> wsu.hosts.atlas-sys.com /New ILLiad/Web_Pages/Illiad/cal/images MANDEL.GIF
2005.12.20 05:51 B e:\Temp\Illiad_Transfer\Illiad\cal\images\Password.gif --> wsu.hosts.atlas-sys.com /New ILLiad/Web_Pages/Illiad/cal/images Password.gif
2005.12.20 05:51 B e:\Temp\Illiad_Transfer\Illiad\cal\images\Pebble29A.gif --> wsu.hosts.atlas-sys.com /New ILLiad/Web_Pages/Illiad/cal/images Pebble29A.gif
2005.12.20 05:51 B e:\Temp\Illiad_Transfer\Illiad\cal\images\sandston.jpg --> wsu.hosts.atlas-sys.com /New ILLiad/Web_Pages/Illiad/cal/images sandston.jpg
2005.12.20 05:51 B e:\Temp\Illiad_Transfer\Illiad\cal\images\Scissors263.gif --> wsu.hosts.atlas-sys.com /New ILLiad/Web_Pages/Illiad/cal/images Scissors263.gif
2005.12.20 05:51 B e:\Temp\Illiad_Transfer\Illiad\cal\images\Share265.gif --> wsu.hosts.atlas-sys.com /New ILLiad/Web_Pages/Illiad/cal/images Share265.gif
2005.12.20 05:51 B e:\Temp\Illiad_Transfer\Illiad\cal\images\Submit.gif --> wsu.hosts.atlas-sys.com /New ILLiad/Web_Pages/Illiad/cal/images Submit.gif
2005.12.20 05:51 B e:\Temp\Illiad_Transfer\Illiad\cal\images\USER.GIF --> wsu.hosts.atlas-sys.com /New ILLiad/Web_Pages/Illiad/cal/images USER.GIF
2005.12.20 05:51 B e:\Temp\Illiad_Transfer\Illiad\cal\images\white-mist1.jpg --> wsu.hosts.atlas-sys.com /New ILLiad/Web_Pages/Illiad/cal/images white-mist1.jpg
2005.12.20 06:09 B e:\Temp\Illiad_Transfer\Illiad\cal\images\WS_FTP.LOG --> wsu.hosts.atlas-sys.com /New ILLiad/Web_Pages/Illiad/cal/images WS_FTP.LOG
