2005.12.20 05:50 B e:\Temp\Illiad_Transfer\Illiad\cal\images\_vti_cnf\About.gif --> wsu.hosts.atlas-sys.com /New ILLiad/Web_Pages/Illiad/cal/images/_vti_cnf About.gif
2005.12.20 05:50 B e:\Temp\Illiad_Transfer\Illiad\cal\images\_vti_cnf\BeText.gif --> wsu.hosts.atlas-sys.com /New ILLiad/Web_Pages/Illiad/cal/images/_vti_cnf BeText.gif
2005.12.20 05:50 B e:\Temp\Illiad_Transfer\Illiad\cal\images\_vti_cnf\books.gif --> wsu.hosts.atlas-sys.com /New ILLiad/Web_Pages/Illiad/cal/images/_vti_cnf books.gif
2005.12.20 05:50 B e:\Temp\Illiad_Transfer\Illiad\cal\images\_vti_cnf\Cancel.gif --> wsu.hosts.atlas-sys.com /New ILLiad/Web_Pages/Illiad/cal/images/_vti_cnf Cancel.gif
2005.12.20 05:50 B e:\Temp\Illiad_Transfer\Illiad\cal\images\_vti_cnf\Cancel2.gif --> wsu.hosts.atlas-sys.com /New ILLiad/Web_Pages/Illiad/cal/images/_vti_cnf Cancel2.gif
2005.12.20 05:50 B e:\Temp\Illiad_Transfer\Illiad\cal\images\_vti_cnf\CardStack.gif --> wsu.hosts.atlas-sys.com /New ILLiad/Web_Pages/Illiad/cal/images/_vti_cnf CardStack.gif
2005.12.20 05:50 B e:\Temp\Illiad_Transfer\Illiad\cal\images\_vti_cnf\Checked2.gif --> wsu.hosts.atlas-sys.com /New ILLiad/Web_Pages/Illiad/cal/images/_vti_cnf Checked2.gif
2005.12.20 05:50 B e:\Temp\Illiad_Transfer\Illiad\cal\images\_vti_cnf\Clear.gif --> wsu.hosts.atlas-sys.com /New ILLiad/Web_Pages/Illiad/cal/images/_vti_cnf Clear.gif
2005.12.20 05:50 B e:\Temp\Illiad_Transfer\Illiad\cal\images\_vti_cnf\detailed.gif --> wsu.hosts.atlas-sys.com /New ILLiad/Web_Pages/Illiad/cal/images/_vti_cnf detailed.gif
2005.12.20 05:50 B e:\Temp\Illiad_Transfer\Illiad\cal\images\_vti_cnf\Edit.gif --> wsu.hosts.atlas-sys.com /New ILLiad/Web_Pages/Illiad/cal/images/_vti_cnf Edit.gif
2005.12.20 05:50 B e:\Temp\Illiad_Transfer\Illiad\cal\images\_vti_cnf\Exclaim23B.gif --> wsu.hosts.atlas-sys.com /New ILLiad/Web_Pages/Illiad/cal/images/_vti_cnf Exclaim23B.gif
2005.12.20 05:50 B e:\Temp\Illiad_Transfer\Illiad\cal\images\_vti_cnf\Info.gif --> wsu.hosts.atlas-sys.com /New ILLiad/Web_Pages/Illiad/cal/images/_vti_cnf Info.gif
2005.12.20 05:50 B e:\Temp\Illiad_Transfer\Illiad\cal\images\_vti_cnf\List2.gif --> wsu.hosts.atlas-sys.com /New ILLiad/Web_Pages/Illiad/cal/images/_vti_cnf List2.gif
2005.12.20 05:50 B e:\Temp\Illiad_Transfer\Illiad\cal\images\_vti_cnf\logon.gif --> wsu.hosts.atlas-sys.com /New ILLiad/Web_Pages/Illiad/cal/images/_vti_cnf logon.gif
2005.12.20 05:50 B e:\Temp\Illiad_Transfer\Illiad\cal\images\_vti_cnf\MainMenu.gif --> wsu.hosts.atlas-sys.com /New ILLiad/Web_Pages/Illiad/cal/images/_vti_cnf MainMenu.gif
2005.12.20 05:50 B e:\Temp\Illiad_Transfer\Illiad\cal\images\_vti_cnf\mandel.gif --> wsu.hosts.atlas-sys.com /New ILLiad/Web_Pages/Illiad/cal/images/_vti_cnf mandel.gif
2005.12.20 05:50 B e:\Temp\Illiad_Transfer\Illiad\cal\images\_vti_cnf\Password.gif --> wsu.hosts.atlas-sys.com /New ILLiad/Web_Pages/Illiad/cal/images/_vti_cnf Password.gif
2005.12.20 05:50 B e:\Temp\Illiad_Transfer\Illiad\cal\images\_vti_cnf\sandston.jpg --> wsu.hosts.atlas-sys.com /New ILLiad/Web_Pages/Illiad/cal/images/_vti_cnf sandston.jpg
2005.12.20 05:50 B e:\Temp\Illiad_Transfer\Illiad\cal\images\_vti_cnf\Submit.gif --> wsu.hosts.atlas-sys.com /New ILLiad/Web_Pages/Illiad/cal/images/_vti_cnf Submit.gif
2005.12.20 05:50 B e:\Temp\Illiad_Transfer\Illiad\cal\images\_vti_cnf\user.gif --> wsu.hosts.atlas-sys.com /New ILLiad/Web_Pages/Illiad/cal/images/_vti_cnf user.gif
2005.12.20 06:09 B e:\Temp\Illiad_Transfer\Illiad\cal\images\_vti_cnf\WS_FTP.LOG --> wsu.hosts.atlas-sys.com /New ILLiad/Web_Pages/Illiad/cal/images/_vti_cnf WS_FTP.LOG
